Line  4:    CLASS
Line  4:    IDENTIFIER (Sphere)
Line  4:    ':'
Line  4:    RT_PRIMITIVE
Line  4:    ';'
Line  6:    PUBLIC
Line  6:    TYPE (vec3)
Line  6:    IDENTIFIER (center)
Line  6:    ';'
Line  7:    PUBLIC
Line  7:    TYPE (float)
Line  7:    IDENTIFIER (radius)
Line  7:    ';'
Line  9:    TYPE (void)
Line  9:    IDENTIFIER (constructor)
Line  9:    '('
Line  9:    TYPE (vec3)
Line  9:    IDENTIFIER (newcenter)
Line  9:    ','
Line  9:    TYPE (float)
Line  9:    IDENTIFIER (newradius)
Line  9:    ')'
Line  9:    '{'
Line 10:    IDENTIFIER (center)
Line 10:    '='
Line 10:    IDENTIFIER (newcenter)
Line 10:    ';'
Line 11:    IDENTIFIER (radius)
Line 11:    '='
Line 11:    IDENTIFIER (newradius)
Line 11:    ';'
Line 12:    '}'
Line 14:    TYPE (void)
Line 14:    IDENTIFIER (intersect)
Line 14:    '('
Line 14:    ')'
Line 14:    '{'
Line 15:    TYPE (vec3)
Line 15:    IDENTIFIER (O)
Line 15:    '='
Line 15:    STATE (rt_RayOrigin)
Line 15:    '-'
Line 15:    IDENTIFIER (center)
Line 15:    ';'
Line 16:    TYPE (vec3)
Line 16:    IDENTIFIER (D)
Line 16:    '='
Line 16:    STATE (rt_RayDirection)
Line 16:    ';'
Line 17:    TYPE (float)
Line 17:    IDENTIFIER (A)
Line 17:    '='
Line 17:    IDENTIFIER (dot)
Line 17:    '('
Line 17:    IDENTIFIER (D)
Line 17:    ','
Line 17:    IDENTIFIER (D)
Line 17:    ')'
Line 17:    ';'
Line 18:    TYPE (float)
Line 18:    IDENTIFIER (B)
Line 18:    '='
Line 18:    IDENTIFIER (dot)
Line 18:    '('
Line 18:    IDENTIFIER (O)
Line 18:    ','
Line 18:    IDENTIFIER (D)
Line 18:    ')'
Line 18:    ';'
Line 19:    TYPE (float)
Line 19:    IDENTIFIER (C)
Line 19:    '='
Line 19:    IDENTIFIER (dot)
Line 19:    '('
Line 19:    IDENTIFIER (O)
Line 19:    ','
Line 19:    IDENTIFIER (O)
Line 19:    ')'
Line 19:    '-'
Line 19:    IDENTIFIER (radius)
Line 19:    '*'
Line 19:    IDENTIFIER (radius)
Line 19:    ';'
Line 20:    TYPE (float)
Line 20:    IDENTIFIER (disc)
Line 20:    '='
Line 20:    IDENTIFIER (B)
Line 20:    '*'
Line 20:    IDENTIFIER (B)
Line 20:    '-'
Line 20:    IDENTIFIER (A)
Line 20:    '*'
Line 20:    IDENTIFIER (C)
Line 20:    ';'
Line 21:    IF
Line 21:    '('
Line 21:    IDENTIFIER (disc)
Line 21:    '>'
Line 21:    FLOAT (0.000000)
Line 21:    ')'
Line 21:    '{'
Line 22:    TYPE (float)
Line 22:    IDENTIFIER (r)
Line 22:    '='
Line 22:    IDENTIFIER (sqrt)
Line 22:    '('
Line 22:    IDENTIFIER (disc)
Line 22:    ')'
Line 22:    ';'
Line 23:    TYPE (float)
Line 23:    IDENTIFIER (t0)
Line 23:    '='
Line 23:    '-'
Line 23:    '('
Line 23:    IDENTIFIER (r)
Line 23:    '+'
Line 23:    IDENTIFIER (B)
Line 23:    ')'
Line 23:    '/'
Line 23:    IDENTIFIER (A)
Line 23:    ';'
Line 24:    IF
Line 24:    '('
Line 24:    IDENTIFIER (t0)
Line 24:    '>'
Line 24:    STATE (rt_Epsilon)
Line 24:    ')'
Line 24:    '{'
Line 25:    IDENTIFIER (hit)
Line 25:    '('
Line 25:    IDENTIFIER (t0)
Line 25:    ')'
Line 25:    ';'
Line 26:    '}'
Line 26:    ELSE
Line 26:    '{'
Line 27:    TYPE (float)
Line 27:    IDENTIFIER (t1)
Line 27:    '='
Line 27:    '('
Line 27:    IDENTIFIER (r)
Line 27:    '-'
Line 27:    IDENTIFIER (B)
Line 27:    ')'
Line 27:    '/'
Line 27:    IDENTIFIER (A)
Line 27:    ';'
Line 28:    IDENTIFIER (hit)
Line 28:    '('
Line 28:    IDENTIFIER (t1)
Line 28:    ')'
Line 28:    ';'
Line 29:    '}'
Line 30:    '}'
Line 31:    '}'
Line 33:    TYPE (void)
Line 33:    IDENTIFIER (computeNormal)
Line 33:    '('
Line 33:    ')'
Line 33:    '{'
Line 34:    STATE (rt_GeometricNormal)
Line 34:    '='
Line 34:    '('
Line 34:    STATE (rt_HitPoint)
Line 34:    '-'
Line 34:    IDENTIFIER (center)
Line 34:    ')'
Line 34:    '/'
Line 34:    IDENTIFIER (radius)
Line 34:    ';'
Line 35:    '}'
Line 37:    TYPE (void)
Line 37:    IDENTIFIER (computeBounds)
Line 37:    '('
Line 37:    ')'
Line 37:    '{'
Line 38:    STATE (rt_BoundMin)
Line 38:    '='
Line 38:    IDENTIFIER (center)
Line 38:    '-'
Line 38:    TYPE (vec3)
Line 38:    '('
Line 38:    IDENTIFIER (radius)
Line 38:    ')'
Line 38:    ';'
Line 39:    STATE (rt_BoundMax)
Line 39:    '='
Line 39:    IDENTIFIER (center)
Line 39:    '+'
Line 39:    TYPE (vec3)
Line 39:    '('
Line 39:    IDENTIFIER (radius)
Line 39:    ')'
Line 39:    ';'
Line 40:    '}'
